#
# A fatal error has been detected by the Java Runtime Environment:
#
#  EXCEPTION_ACCESS_VIOLATION (0xc0000005) at pc=0x00007ffeccb276c0, pid=12488, tid=0x000000000000227c
#
# JRE version: Java(TM) SE Runtime Environment (8.0_181-b13) (build 1.8.0_181-b13)
# Java VM: Java HotSpot(TM) 64-Bit Server VM (25.181-b13 mixed mode windows-amd64 compressed oops)
# Problematic frame:
# C  0x00007ffeccb276c0
#
# Failed to write core dump. Minidumps are not enabled by default on client versions of Windows
#
# If you would like to submit a bug report, please visit:
#   http://bugreport.java.com/bugreport/crash.jsp
# The crash happened outside the Java Virtual Machine in native code.
# See problematic frame for where to report the bug.
#

---------------  T H R E A D  ---------------

Current thread (0x0000000003a20800):  JavaThread "main" [_thread_in_native, id=8828, stack(0x0000000000050000,0x0000000000150000)]

siginfo: ExceptionCode=0xc0000005, ExceptionInformation=0x0000000000000008 0x00007ffeccb276c0

Registers:
RAX=0x0000000000000000, RBX=0x000000002d60cc60, RCX=0xffffffffb6012cb1, RDX=0x0000000000000000
RSP=0x000000000014caf8, RBP=0x0000000021dc19a0, RSI=0x0000000000000001, RDI=0x0000000021dc1470
R8 =0x0000000000000000, R9 =0x0000000000000043, R10=0x0000000000000000, R11=0x0000000000000000
R12=0x0000000000000000, R13=0x0000000000000000, R14=0x0000000000000043, R15=0x0000000000022009
RIP=0x00007ffeccb276c0, EFLAGS=0x0000000000010246

Top of Stack: (sp=0x000000000014caf8)
0x000000000014caf8:   00007ffeeee9cacd 000000002d60cc60
0x000000000014cb08:   0000000021dc19a0 0000000000000001
0x000000000014cb18:   000000000014ce80 0000000000000018
0x000000000014cb28:   00000000690111a7 0000000000000000
0x000000000014cb38:   00007ffe00000000 0000000000000043
0x000000000014cb48:   0001690100000018 0000000000cc0020
0x000000000014cb58:   0000000000000000 0000000000022009
0x000000000014cb68:   0000001800000000 00000000690111a7
0x000000000014cb78:   0000000000000000 0000001800000043
0x000000000014cb88:   0000000000000043 0000000000000000
0x000000000014cb98:   ffffffffb6012cb1 0000000002100000
0x000000000014cba8:   00000000690111a7 000000002d632080
0x000000000014cbb8:   0000000000000000 0000000000000000
0x000000000014cbc8:   000000000014ce80 0000000021dc1470
0x000000000014cbd8:   000000002d60cc60 00000000690111a7
0x000000000014cbe8:   00007ffeeee9c615 0000000021dc1470 

Instructions: (pc=0x00007ffeccb276c0)
0x00007ffeccb276a0:   
[error occurred during error reporting (printing registers, top of stack, instructions near pc), id 0xc0000005]

Register to memory mapping:

RAX=0x0000000000000000 is an unknown value
RBX=0x000000002d60cc60 is an unknown value
RCX=0xffffffffb6012cb1 is an unknown value
RDX=0x0000000000000000 is an unknown value
RSP=0x000000000014caf8 is pointing into the stack for thread: 0x0000000003a20800
RBP=0x0000000021dc19a0 is an unknown value
RSI=0x0000000000000001 is an unknown value
RDI=0x0000000021dc1470 is an unknown value
R8 =0x0000000000000000 is an unknown value
R9 =0x0000000000000043 is an unknown value
R10=0x0000000000000000 is an unknown value
R11=0x0000000000000000 is an unknown value
R12=0x0000000000000000 is an unknown value
R13=0x0000000000000000 is an unknown value
R14=0x0000000000000043 is an unknown value
R15=0x0000000000022009 is an unknown value


Stack: [0x0000000000050000,0x0000000000150000],  sp=0x000000000014caf8,  free space=1010k
Native frames: (J=compiled Java code, j=interpreted, Vv=VM code, C=native code)
C  0x00007ffeccb276c0

Java frames: (J=compiled Java code, j=interpreted, Vv=VM code)
J 33633  org.eclipse.swt.internal.gdip.Gdip.Graphics_FillPolygon(JJ[III)I (0 bytes) @ 0x00000000069054ea [0x0000000006905480+0x6a]
J 50596 C2 org.eclipse.e4.ui.workbench.renderers.swt.CTabRendering.drawUnselectedTab(ILorg/eclipse/swt/graphics/GC;Lorg/eclipse/swt/graphics/Rectangle;I)V (988 bytes) @ 0x00000000048b2094 [0x00000000048b1220+0xe74]
J 45829 C2 org.eclipse.e4.ui.workbench.renderers.swt.CTabRendering.draw(IILorg/eclipse/swt/graphics/Rectangle;Lorg/eclipse/swt/graphics/GC;)V (207 bytes) @ 0x000000000b834044 [0x000000000b833a20+0x624]
J 53195 C1 org.eclipse.swt.custom.CTabFolder.onPaint(Lorg/eclipse/swt/widgets/Event;)V (572 bytes) @ 0x000000000cd46724 [0x000000000cd44dc0+0x1964]
J 45846 C2 org.eclipse.swt.custom.CTabFolder$1.handleEvent(Lorg/eclipse/swt/widgets/Event;)V (345 bytes) @ 0x0000000008f0916c [0x0000000008f08fa0+0x1cc]
J 30025 C2 org.eclipse.swt.widgets.EventTable.sendEvent(Lorg/eclipse/swt/widgets/Event;)V (532 bytes) @ 0x00000000060b93c0 [0x00000000060b9240+0x180]
J 30369 C2 org.eclipse.swt.widgets.Widget.sendEvent(ILorg/eclipse/swt/widgets/Event;Z)V (88 bytes) @ 0x0000000008e2c08c [0x0000000008e2bc60+0x42c]
J 36881 C2 org.eclipse.swt.widgets.Composite.WM_PAINT(JJ)Lorg/eclipse/swt/internal/win32/LRESULT; (1699 bytes) @ 0x0000000009e46534 [0x0000000009e44d60+0x17d4]
J 45531 C2 org.eclipse.swt.widgets.Control.windowProc(JIJJ)J (2001 bytes) @ 0x0000000005d95dc4 [0x0000000005d94e80+0xf44]
J 6182 C2 org.eclipse.swt.widgets.Display.windowProc(JJJJ)J (372 bytes) @ 0x0000000004d24e78 [0x0000000004d24d40+0x138]
v  ~StubRoutines::call_stub
J 3193  org.eclipse.swt.internal.win32.OS.DispatchMessageW(Lorg/eclipse/swt/internal/win32/MSG;)J (0 bytes) @ 0x0000000004880fd2 [0x0000000004880f80+0x52]
J 31011 C2 org.eclipse.swt.widgets.Display.readAndDispatch()Z (101 bytes) @ 0x0000000008f9ff6c [0x0000000008f9fd40+0x22c]
J 35395% C2 org.eclipse.e4.ui.internal.workbench.swt.PartRenderingEngine$4.run()V (765 bytes) @ 0x0000000005fdd1e8 [0x0000000005fdcfc0+0x228]
j  org.eclipse.core.databinding.observable.Realm.runWithDefault(Lorg/eclipse/core/databinding/observable/Realm;Ljava/lang/Runnable;)V+12
j  org.eclipse.e4.ui.internal.workbench.swt.PartRenderingEngine.run(Lorg/eclipse/e4/ui/model/application/MApplicationElement;Lorg/eclipse/e4/core/contexts/IEclipseContext;)Ljava/lang/Object;+57
j  org.eclipse.e4.ui.internal.workbench.E4Workbench.createAndRunUI(Lorg/eclipse/e4/ui/model/application/MApplicationElement;)V+20
j  org.eclipse.ui.internal.Workbench$5.run()V+442
j  org.eclipse.core.databinding.observable.Realm.runWithDefault(Lorg/eclipse/core/databinding/observable/Realm;Ljava/lang/Runnable;)V+12
j  org.eclipse.ui.internal.Workbench.createAndRunWorkbench(Lorg/eclipse/swt/widgets/Display;Lorg/eclipse/ui/application/WorkbenchAdvisor;)I+18
j  org.eclipse.ui.PlatformUI.createAndRunWorkbench(Lorg/eclipse/swt/widgets/Display;Lorg/eclipse/ui/application/WorkbenchAdvisor;)I+2
j  org.eclipse.ui.internal.ide.application.IDEApplication.start(Lorg/eclipse/equinox/app/IApplicationContext;)Ljava/lang/Object;+111
j  org.eclipse.equinox.internal.app.EclipseAppHandle.run(Ljava/lang/Object;)Ljava/lang/Object;+135
j  org.eclipse.core.runtime.internal.adaptor.EclipseAppLauncher.runApplication(Ljava/lang/Object;)Ljava/lang/Object;+85
j  org.eclipse.core.runtime.internal.adaptor.EclipseAppLauncher.start(Ljava/lang/Object;)Ljava/lang/Object;+82
j  org.eclipse.core.runtime.adaptor.EclipseStarter.run(Ljava/lang/Object;)Ljava/lang/Object;+109
j  org.eclipse.core.runtime.adaptor.EclipseStarter.run([Ljava/lang/String;Ljava/lang/Runnable;)Ljava/lang/Object;+132
v  ~StubRoutines::call_stub
j  sun.reflect.NativeMethodAccessorImpl.invoke0(Ljava/lang/reflect/Method;Ljava/lang/Object;[Ljava/lang/Object;)Ljava/lang/Object;+0
j  sun.reflect.NativeMethodAccessorImpl.invoke(Ljava/lang/Object;[Ljava/lang/Object;)Ljava/lang/Object;+100
j  sun.reflect.DelegatingMethodAccessorImpl.invoke(Ljava/lang/Object;[Ljava/lang/Object;)Ljava/lang/Object;+6
j  java.lang.reflect.Method.invoke(Ljava/lang/Object;[Ljava/lang/Object;)Ljava/lang/Object;+56
j  org.eclipse.equinox.launcher.Main.invokeFramework([Ljava/lang/String;[Ljava/net/URL;)V+265
j  org.eclipse.equinox.launcher.Main.basicRun([Ljava/lang/String;)V+160
j  org.eclipse.equinox.launcher.Main.run([Ljava/lang/String;)I+4
v  ~StubRoutines::call_stub

---------------  P R O C E S S  ---------------

Java Threads: ( => current thread )
  0x000000002326b000 JavaThread "Recommenders-Bus-Thread-560" daemon [_thread_blocked, id=19168, stack(0x000000007c420000,0x000000007c520000)]
  0x0000000023266800 JavaThread "Recommenders-Bus-Thread-559" daemon [_thread_blocked, id=15800, stack(0x000000007ad20000,0x000000007ae20000)]
  0x0000000019387800 JavaThread "Worker-269" [_thread_blocked, id=14028, stack(0x0000000078b20000,0x0000000078c20000)]
  0x0000000019379000 JavaThread "Worker-268" [_thread_blocked, id=17616, stack(0x000000006fe50000,0x000000006ff50000)]
  0x000000001937f000 JavaThread "Worker-267" [_thread_blocked, id=7164, stack(0x000000006f250000,0x000000006f350000)]
  0x000000001937e000 JavaThread "Worker-266" [_thread_blocked, id=14320, stack(0x000000006f050000,0x000000006f150000)]
  0x000000001937c800 JavaThread "Worker-264" [_thread_blocked, id=10396, stack(0x000000006e250000,0x000000006e350000)]
  0x000000001937d800 JavaThread "Worker-263" [_thread_blocked, id=18360, stack(0x000000006dd50000,0x000000006de50000)]
  0x0000000023268000 JavaThread "Worker-259" [_thread_blocked, id=9572, stack(0x000000006b650000,0x000000006b750000)]
  0x000000001937b000 JavaThread "Worker-250" [_thread_blocked, id=1236, stack(0x0000000065150000,0x0000000065250000)]
  0x0000000019386000 JavaThread "org.eclipse.jdt.internal.ui.text.JavaReconciler" daemon [_thread_blocked, id=17776, stack(0x0000000062d50000,0x0000000062e50000)]
  0x0000000019378000 JavaThread "org.eclipse.jdt.internal.ui.text.JavaReconciler" daemon [_thread_blocked, id=10164, stack(0x000000004e240000,0x000000004e340000)]
  0x0000000023073800 JavaThread "Dali Event Handler" [_thread_blocked, id=15188, stack(0x000000005d150000,0x000000005d250000)]
  0x000000001ec9a000 JavaThread "org.eclipse.jdt.internal.ui.text.JavaReconciler" daemon [_thread_blocked, id=12788, stack(0x000000005bf40000,0x000000005c040000)]
  0x0000000023076800 JavaThread "org.eclipse.jdt.internal.ui.text.JavaReconciler" daemon [_thread_blocked, id=16148, stack(0x000000004d640000,0x000000004d740000)]
  0x000000002a394000 JavaThread "Recommenders-Timeout-Manager" [_thread_blocked, id=13444, stack(0x000000004bf40000,0x000000004c040000)]
  0x000000002a39a000 JavaThread "Timer-0" daemon [_thread_blocked, id=2004, stack(0x000000004b740000,0x000000004b840000)]
  0x000000002a397000 JavaThread "com.google.inject.internal.util.$Finalizer" daemon [_thread_blocked, id=16072, stack(0x000000004b440000,0x000000004b540000)]
  0x0000000023076000 JavaThread "Keep-Alive-SocketCleaner" daemon [_thread_blocked, id=9636, stack(0x0000000048240000,0x0000000048340000)]
  0x000000002a396000 JavaThread "Okio Watchdog" daemon [_thread_blocked, id=15424, stack(0x0000000043340000,0x0000000043440000)]
  0x0000000023075000 JavaThread "JavaScript indexing" daemon [_thread_blocked, id=14364, stack(0x0000000031df0000,0x0000000031ef0000)]
  0x000000002307a000 JavaThread "Thread-8" [_thread_blocked, id=15148, stack(0x00000000318f0000,0x00000000319f0000)]
  0x000000002306d000 JavaThread "EventAdmin Async Event Dispatcher Thread" daemon [_thread_blocked, id=13996, stack(0x000000002cac0000,0x000000002cbc0000)]
  0x000000001fb12000 JavaThread "Java indexing" daemon [_thread_blocked, id=14964, stack(0x0000000028290000,0x0000000028390000)]
  0x000000001fb10800 JavaThread "Bundle File Closer" daemon [_thread_blocked, id=16080, stack(0x0000000026fc0000,0x00000000270c0000)]
  0x000000001fb11000 JavaThread "[ThreadPool Manager] - Idle Thread" daemon [_thread_blocked, id=15296, stack(0x0000000026dc0000,0x0000000026ec0000)]
  0x000000001fb15000 JavaThread "Provisioning Event Dispatcher" daemon [_thread_blocked, id=5964, stack(0x00000000214d0000,0x00000000215d0000)]
  0x00000000196fd000 JavaThread "EMF Reference Cleaner" daemon [_thread_blocked, id=384, stack(0x00000000210d0000,0x00000000211d0000)]
  0x00000000198ec000 JavaThread "Worker-JM" [_thread_blocked, id=14608, stack(0x0000000020f60000,0x0000000021060000)]
  0x00000000195e0800 JavaThread "[Timer] - Main Queue Handler" daemon [_thread_blocked, id=7328, stack(0x0000000020e60000,0x0000000020f60000)]
  0x000000001f502000 JavaThread "Start Level: Equinox Container: 80103a1f-b813-0019-182f-bdac35176749" daemon [_thread_blocked, id=7112, stack(0x0000000020c60000,0x0000000020d60000)]
  0x000000001f53d000 JavaThread "Framework Event Dispatcher: Equinox Container: 80103a1f-b813-0019-182f-bdac35176749" daemon [_thread_blocked, id=7104, stack(0x0000000020b60000,0x0000000020c60000)]
  0x000000001f62e800 JavaThread "Active Thread: Equinox Container: 80103a1f-b813-0019-182f-bdac35176749" [_thread_blocked, id=13192, stack(0x0000000020a60000,0x0000000020b60000)]
  0x0000000018638800 JavaThread "Service Thread" daemon [_thread_blocked, id=6628, stack(0x0000000019080000,0x0000000019180000)]
  0x00000000185ab000 JavaThread "C1 CompilerThread3" daemon [_thread_blocked, id=16068, stack(0x0000000018f80000,0x0000000019080000)]
  0x00000000185a7000 JavaThread "C2 CompilerThread2" daemon [_thread_blocked, id=14448, stack(0x0000000018e80000,0x0000000018f80000)]
  0x0000000018598000 JavaThread "C2 CompilerThread1" daemon [_thread_blocked, id=12400, stack(0x0000000018d80000,0x0000000018e80000)]
  0x0000000018594000 JavaThread "C2 CompilerThread0" daemon [_thread_blocked, id=15840, stack(0x0000000018c80000,0x0000000018d80000)]
  0x0000000018592000 JavaThread "Attach Listener" daemon [_thread_blocked, id=2540, stack(0x0000000018b80000,0x0000000018c80000)]
  0x0000000018591800 JavaThread "Signal Dispatcher" daemon [_thread_blocked, id=9732, stack(0x0000000018a80000,0x0000000018b80000)]
  0x0000000018531000 JavaThread "Finalizer" daemon [_thread_blocked, id=12960, stack(0x0000000018910000,0x0000000018a10000)]
  0x000000001663d000 JavaThread "Reference Handler" daemon [_thread_blocked, id=15792, stack(0x0000000018410000,0x0000000018510000)]
=>0x0000000003a20800 JavaThread "main" [_thread_in_native, id=8828, stack(0x0000000000050000,0x0000000000150000)]

Other Threads:
  0x0000000016638800 VMThread [stack: 0x0000000018310000,0x0000000018410000] [id=11844]
  0x000000001866e000 WatcherThread [stack: 0x0000000019180000,0x0000000019280000] [id=6152]

VM state:not at safepoint (normal execution)

VM Mutex/Monitor currently owned by a thread: None

Heap:
 PSYoungGen      total 97792K, used 922K [0x00000000eab00000, 0x00000000f1b80000, 0x0000000100000000)
  eden space 81408K, 1% used [0x00000000eab00000,0x00000000eabe6880,0x00000000efa80000)
  from space 16384K, 0% used [0x00000000f0b80000,0x00000000f0b80000,0x00000000f1b80000)
  to   space 16896K, 0% used [0x00000000efa80000,0x00000000efa80000,0x00000000f0b00000)
 ParOldGen       total 456192K, used 145414K [0x00000000c0000000, 0x00000000dbd80000, 0x00000000eab00000)
  object space 456192K, 31% used [0x00000000c0000000,0x00000000c8e01ac0,0x00000000dbd80000)
 Metaspace       used 180277K, capacity 193953K, committed 194240K, reserved 1218560K
  class space    used 20376K, capacity 24496K, committed 24576K, reserved 1048576K

Card table byte_map: [0x0000000012ee0000,0x00000000130f0000] byte_map_base: 0x00000000128e0000

Marking Bits: (ParMarkBitMap*) 0x000000005cbc2d00
 Begin Bits: [0x0000000013a50000, 0x0000000014a50000)
 End Bits:   [0x0000000014a50000, 0x0000000015a50000)

Polling page: 0x00000000039c0000

CodeCache: size=245760Kb used=149820Kb max_used=149866Kb free=95939Kb
 bounds [0x0000000003b20000, 0x000000000ceb0000, 0x0000000012b20000]
 total_blobs=37355 nmethods=36255 adapters=1004
 compilation: enabled

Compilation events (10 events):
Event: 88291.150 Thread 0x00000000185ab000 53922       3       org.eclipse.jface.internal.text.link.contentassist.ContentAssistant2::contextInformationClosed (1 bytes)
Event: 88291.151 Thread 0x00000000185ab000 nmethod 53922 0x000000000a32cdd0 code [0x000000000a32cf20, 0x000000000a32d070]
Event: 88294.444 Thread 0x0000000018598000 53923       4       org.eclipse.wst.jsdt.internal.core.DeltaProcessor::popUntilPrefixOf (143 bytes)
Event: 88294.445 Thread 0x0000000018598000 nmethod 53923 0x0000000009873d50 code [0x0000000009873e80, 0x0000000009873ef8]
Event: 88294.955 Thread 0x0000000018594000 53924       4       org.eclipse.core.internal.resources.File::getCharset (65 bytes)
Event: 88294.982 Thread 0x0000000018594000 nmethod 53924 0x0000000004f21c90 code [0x0000000004f21f40, 0x0000000004f23ba0]
Event: 88295.299 Thread 0x00000000185a7000 53925       4       org.eclipse.jdt.internal.compiler.flow.LoopingFlowContext::complainOnDeferredNullChecks (2015 bytes)
Event: 88295.349 Thread 0x00000000185a7000 nmethod 53925 0x000000000cea32d0 code [0x000000000cea3860, 0x000000000cea7048]
Event: 88295.489 Thread 0x0000000018598000 53926       4       java.util.concurrent.TimeUnit$3::toNanos (11 bytes)
Event: 88295.490 Thread 0x0000000018598000 nmethod 53926 0x000000000ce7fe10 code [0x000000000ce7ff40, 0x000000000ce80018]

GC Heap History (10 events):
Event: 88241.341 GC heap before
{Heap before GC invocations=1395 (full 558):
 PSYoungGen      total 93184K, used 80896K [0x00000000eab00000, 0x00000000f1500000, 0x0000000100000000)
  eden space 80896K, 100% used [0x00000000eab00000,0x00000000efa00000,0x00000000efa00000)
  from space 12288K, 0% used [0x00000000f0700000,0x00000000f0700000,0x00000000f1300000)
  to   space 13312K, 0% used [0x00000000efa00000,0x00000000efa00000,0x00000000f0700000)
 ParOldGen       total 456192K, used 143105K [0x00000000c0000000, 0x00000000dbd80000, 0x00000000eab00000)
  object space 456192K, 31% used [0x00000000c0000000,0x00000000c8bc0458,0x00000000dbd80000)
 Metaspace       used 180262K, capacity 193883K, committed 194240K, reserved 1218560K
  class space    used 20376K, capacity 24495K, committed 24576K, reserved 1048576K
Event: 88241.346 GC heap after
Heap after GC invocations=1395 (full 558):
 PSYoungGen      total 94208K, used 4096K [0x00000000eab00000, 0x00000000f1380000, 0x0000000100000000)
  eden space 80896K, 0% used [0x00000000eab00000,0x00000000eab00000,0x00000000efa00000)
  from space 13312K, 30% used [0x00000000efa00000,0x00000000efe00330,0x00000000f0700000)
  to   space 12800K, 0% used [0x00000000f0700000,0x00000000f0700000,0x00000000f1380000)
 ParOldGen       total 456192K, used 143105K [0x00000000c0000000, 0x00000000dbd80000, 0x00000000eab00000)
  object space 456192K, 31% used [0x00000000c0000000,0x00000000c8bc0458,0x00000000dbd80000)
 Metaspace       used 180262K, capacity 193883K, committed 194240K, reserved 1218560K
  class space    used 20376K, capacity 24495K, committed 24576K, reserved 1048576K
}
Event: 88258.585 GC heap before
{Heap before GC invocations=1396 (full 558):
 PSYoungGen      total 94208K, used 84992K [0x00000000eab00000, 0x00000000f1380000, 0x0000000100000000)
  eden space 80896K, 100% used [0x00000000eab00000,0x00000000efa00000,0x00000000efa00000)
  from space 13312K, 30% used [0x00000000efa00000,0x00000000efe00330,0x00000000f0700000)
  to   space 12800K, 0% used [0x00000000f0700000,0x00000000f0700000,0x00000000f1380000)
 ParOldGen       total 456192K, used 143105K [0x00000000c0000000, 0x00000000dbd80000, 0x00000000eab00000)
  object space 456192K, 31% used [0x00000000c0000000,0x00000000c8bc0458,0x00000000dbd80000)
 Metaspace       used 180264K, capacity 193883K, committed 194240K, reserved 1218560K
  class space    used 20376K, capacity 24495K, committed 24576K, reserved 1048576K
Event: 88258.590 GC heap after
Heap after GC invocations=1396 (full 558):
 PSYoungGen      total 93696K, used 8267K [0x00000000eab00000, 0x00000000f1480000, 0x0000000100000000)
  eden space 80896K, 0% used [0x00000000eab00000,0x00000000eab00000,0x00000000efa00000)
  from space 12800K, 64% used [0x00000000f0700000,0x00000000f0f12d08,0x00000000f1380000)
  to   space 13312K, 0% used [0x00000000efa00000,0x00000000efa00000,0x00000000f0700000)
 ParOldGen       total 456192K, used 143105K [0x00000000c0000000, 0x00000000dbd80000, 0x00000000eab00000)
  object space 456192K, 31% used [0x00000000c0000000,0x00000000c8bc0458,0x00000000dbd80000)
 Metaspace       used 180264K, capacity 193883K, committed 194240K, reserved 1218560K
  class space    used 20376K, capacity 24495K, committed 24576K, reserved 1048576K
}
Event: 88283.452 GC heap before
{Heap before GC invocations=1397 (full 558):
 PSYoungGen      total 93696K, used 87843K [0x00000000eab00000, 0x00000000f1480000, 0x0000000100000000)
  eden space 80896K, 98% used [0x00000000eab00000,0x00000000ef8b60b0,0x00000000efa00000)
  from space 12800K, 64% used [0x00000000f0700000,0x00000000f0f12d08,0x00000000f1380000)
  to   space 13312K, 0% used [0x00000000efa00000,0x00000000efa00000,0x00000000f0700000)
 ParOldGen       total 456192K, used 143105K [0x00000000c0000000, 0x00000000dbd80000, 0x00000000eab00000)
  object space 456192K, 31% used [0x00000000c0000000,0x00000000c8bc0458,0x00000000dbd80000)
 Metaspace       used 180266K, capacity 193883K, committed 194240K, reserved 1218560K
  class space    used 20376K, capacity 24495K, committed 24576K, reserved 1048576K
Event: 88283.458 GC heap after
Heap after GC invocations=1397 (full 558):
 PSYoungGen      total 94208K, used 13300K [0x00000000eab00000, 0x00000000f1c80000, 0x0000000100000000)
  eden space 80896K, 0% used [0x00000000eab00000,0x00000000eab00000,0x00000000efa00000)
  from space 13312K, 99% used [0x00000000efa00000,0x00000000f06fd178,0x00000000f0700000)
  to   space 17408K, 0% used [0x00000000f0b80000,0x00000000f0b80000,0x00000000f1c80000)
 ParOldGen       total 456192K, used 148528K [0x00000000c0000000, 0x00000000dbd80000, 0x00000000eab00000)
  object space 456192K, 32% used [0x00000000c0000000,0x00000000c910c190,0x00000000dbd80000)
 Metaspace       used 180266K, capacity 193883K, committed 194240K, reserved 1218560K
  class space    used 20376K, capacity 24495K, committed 24576K, reserved 1048576K
}
Event: 88301.396 GC heap before
{Heap before GC invocations=1398 (full 558):
 PSYoungGen      total 94208K, used 70620K [0x00000000eab00000, 0x00000000f1c80000, 0x0000000100000000)
  eden space 80896K, 70% used [0x00000000eab00000,0x00000000ee2fa018,0x00000000efa00000)
  from space 13312K, 99% used [0x00000000efa00000,0x00000000f06fd178,0x00000000f0700000)
  to   space 17408K, 0% used [0x00000000f0b80000,0x00000000f0b80000,0x00000000f1c80000)
 ParOldGen       total 456192K, used 148528K [0x00000000c0000000, 0x00000000dbd80000, 0x00000000eab00000)
  object space 456192K, 32% used [0x00000000c0000000,0x00000000c910c190,0x00000000dbd80000)
 Metaspace       used 180277K, capacity 193953K, committed 194240K, reserved 1218560K
  class space    used 20376K, capacity 24496K, committed 24576K, reserved 1048576K
Event: 88301.401 GC heap after
Heap after GC invocations=1398 (full 558):
 PSYoungGen      total 97792K, used 7314K [0x00000000eab00000, 0x00000000f1b80000, 0x0000000100000000)
  eden space 81408K, 0% used [0x00000000eab00000,0x00000000eab00000,0x00000000efa80000)
  from space 16384K, 44% used [0x00000000f0b80000,0x00000000f12a4970,0x00000000f1b80000)
  to   space 16896K, 0% used [0x00000000efa80000,0x00000000efa80000,0x00000000f0b00000)
 ParOldGen       total 456192K, used 148528K [0x00000000c0000000, 0x00000000dbd80000, 0x00000000eab00000)
  object space 456192K, 32% used [0x00000000c0000000,0x00000000c910c190,0x00000000dbd80000)
 Metaspace       used 180277K, capacity 193953K, committed 194240K, reserved 1218560K
  class space    used 20376K, capacity 24496K, committed 24576K, reserved 1048576K
}
Event: 88301.401 GC heap before
{Heap before GC invocations=1399 (full 559):
 PSYoungGen      total 97792K, used 7314K [0x00000000eab00000, 0x00000000f1b80000, 0x0000000100000000)
  eden space 81408K, 0% used [0x00000000eab00000,0x00000000eab00000,0x00000000efa80000)
  from space 16384K, 44% used [0x00000000f0b80000,0x00000000f12a4970,0x00000000f1b80000)
  to   space 16896K, 0% used [0x00000000efa80000,0x00000000efa80000,0x00000000f0b00000)
 ParOldGen       total 456192K, used 148528K [0x00000000c0000000, 0x00000000dbd80000, 0x00000000eab00000)
  object space 456192K, 32% used [0x00000000c0000000,0x00000000c910c190,0x00000000dbd80000)
 Metaspace       used 180277K, capacity 193953K, committed 194240K, reserved 1218560K
  class space    used 20376K, capacity 24496K, committed 24576K, reserved 1048576K
Event: 88301.709 GC heap after
Heap after GC invocations=1399 (full 559):
 PSYoungGen      total 97792K, used 0K [0x00000000eab00000, 0x00000000f1b80000, 0x0000000100000000)
  eden space 81408K, 0% used [0x00000000eab00000,0x00000000eab00000,0x00000000efa80000)
  from space 16384K, 0% used [0x00000000f0b80000,0x00000000f0b80000,0x00000000f1b80000)
  to   space 16896K, 0% used [0x00000000efa80000,0x00000000efa80000,0x00000000f0b00000)
 ParOldGen       total 456192K, used 145414K [0x00000000c0000000, 0x00000000dbd80000, 0x00000000eab00000)
  object space 456192K, 31% used [0x00000000c0000000,0x00000000c8e01ac0,0x00000000dbd80000)
 Metaspace       used 180277K, capacity 193953K, committed 194240K, reserved 1218560K
  class space    used 20376K, capacity 24496K, committed 24576K, reserved 1048576K
}

Deoptimization events (10 events):
Event: 87423.541 Thread 0x0000000003a20800 Uncommon trap: reason=unstable_if action=reinterpret pc=0x0000000009c5a3d4 method=org.eclipse.jface.text.hyperlink.HyperlinkManager.isRegisteredStateMask(I)Z @ 49
Event: 87534.603 Thread 0x0000000003a20800 Uncommon trap: reason=unstable_if action=reinterpret pc=0x000000000545f880 method=org.eclipse.jface.text.TreeLineTracker.getLineInformation(I)Lorg/eclipse/jface/text/IRegion; @ 12
Event: 88003.377 Thread 0x0000000003a20800 Uncommon trap: reason=unstable_if action=reinterpret pc=0x000000000c91cf0c method=org.eclipse.ui.internal.console.ConsoleManager$ShowConsoleViewJob.runInUIThread(Lorg/eclipse/core/runtime/IProgressMonitor;)Lorg/eclipse/core/runtime/IStatus; @ 19
Event: 88065.081 Thread 0x0000000003a20800 Uncommon trap: reason=unstable_if action=reinterpret pc=0x00000000090a7478 method=org.eclipse.ui.internal.console.ConsoleDocumentAdapter.countNewLines(Ljava/lang/String;)I @ 99
Event: 88066.908 Thread 0x0000000003a20800 Uncommon trap: reason=null_check action=make_not_entrant pc=0x000000000ce353bc method=org.eclipse.debug.internal.ui.launchConfigurations.LaunchConfigurationManager.getApplicableConfigurationTypes(Lorg/eclipse/core/resources/IResource;)[Ljava/lang/String; 
Event: 88067.353 Thread 0x000000001937c800 Uncommon trap: reason=unstable_if action=reinterpret pc=0x00000000073e0dc4 method=org.eclipse.ui.internal.console.IOConsolePartitioner$QueueProcessingJob.shouldRun()Z @ 30
Event: 88176.503 Thread 0x0000000003a20800 Uncommon trap: reason=unstable_if action=reinterpret pc=0x000000000cc6242c method=org.eclipse.ui.internal.texteditor.quickdiff.DocumentLineDiffer.documentChanged(Lorg/eclipse/jface/text/DocumentEvent;)V @ 39
Event: 88285.256 Thread 0x0000000023076800 Uncommon trap: reason=class_check action=maybe_recompile pc=0x000000000cbc4a88 method=org.eclipse.jdt.internal.compiler.ast.Assignment.resolveType(Lorg/eclipse/jdt/internal/compiler/lookup/BlockScope;)Lorg/eclipse/jdt/internal/compiler/lookup/TypeBinding;
Event: 88286.764 Thread 0x0000000023076800 Uncommon trap: reason=class_check action=maybe_recompile pc=0x000000000cbc4a88 method=org.eclipse.jdt.internal.compiler.ast.Assignment.resolveType(Lorg/eclipse/jdt/internal/compiler/lookup/BlockScope;)Lorg/eclipse/jdt/internal/compiler/lookup/TypeBinding;
Event: 88288.272 Thread 0x0000000023076800 Uncommon trap: reason=class_check action=maybe_recompile pc=0x000000000cbc4a88 method=org.eclipse.jdt.internal.compiler.ast.Assignment.resolveType(Lorg/eclipse/jdt/internal/compiler/lookup/BlockScope;)Lorg/eclipse/jdt/internal/compiler/lookup/TypeBinding;

Classes redefined (0 events):
No events

Internal exceptions (10 events):
Event: 88235.661 Thread 0x0000000023268000 Exception <a 'sun/nio/fs/WindowsException'> (0x00000000ecd13728) thrown at [C:\re\workspace\8-2-build-windows-amd64-cygwin\jdk8u181\11358\hotspot\src\share\vm\prims\jni.cpp, line 709]
Event: 88245.676 Thread 0x000000001937d800 Exception <a 'sun/nio/fs/WindowsException'> (0x00000000ebae32d8) thrown at [C:\re\workspace\8-2-build-windows-amd64-cygwin\jdk8u181\11358\hotspot\src\share\vm\prims\jni.cpp, line 709]
Event: 88255.677 Thread 0x000000001937e000 Exception <a 'sun/nio/fs/WindowsException'> (0x00000000eb266b10) thrown at [C:\re\workspace\8-2-build-windows-amd64-cygwin\jdk8u181\11358\hotspot\src\share\vm\prims\jni.cpp, line 709]
Event: 88265.677 Thread 0x000000001937c800 Exception <a 'sun/nio/fs/WindowsException'> (0x00000000eadf2c90) thrown at [C:\re\workspace\8-2-build-windows-amd64-cygwin\jdk8u181\11358\hotspot\src\share\vm\prims\jni.cpp, line 709]
Event: 88275.679 Thread 0x0000000023268000 Exception <a 'sun/nio/fs/WindowsException'> (0x00000000ec488bc8) thrown at [C:\re\workspace\8-2-build-windows-amd64-cygwin\jdk8u181\11358\hotspot\src\share\vm\prims\jni.cpp, line 709]
Event: 88284.092 Thread 0x0000000003a20800 Exception <a 'java/lang/ClassNotFoundException': sun/net/www/protocol/about/Handler> (0x00000000eb586620) thrown at [C:\re\workspace\8-2-build-windows-amd64-cygwin\jdk8u181\11358\hotspot\src\share\vm\classfile\systemDictionary.cpp, line 210]
Event: 88284.100 Thread 0x0000000003a20800 Exception <a 'java/lang/ClassNotFoundException': sun/net/www/protocol/about/Handler> (0x00000000eb59b7f0) thrown at [C:\re\workspace\8-2-build-windows-amd64-cygwin\jdk8u181\11358\hotspot\src\share\vm\classfile\systemDictionary.cpp, line 210]
Event: 88285.680 Thread 0x0000000023268000 Exception <a 'sun/nio/fs/WindowsException'> (0x00000000eb22d770) thrown at [C:\re\workspace\8-2-build-windows-amd64-cygwin\jdk8u181\11358\hotspot\src\share\vm\prims\jni.cpp, line 709]
Event: 88285.902 Thread 0x000000002326b800 Exception <a 'java/lang/InterruptedException'> (0x00000000eb873b60) thrown at [C:\re\workspace\8-2-build-windows-amd64-cygwin\jdk8u181\11358\hotspot\src\share\vm\runtime\objectMonitor.cpp, line 1684]
Event: 88295.705 Thread 0x0000000019387800 Exception <a 'sun/nio/fs/WindowsException'> (0x00000000ed815bc0) thrown at [C:\re\workspace\8-2-build-windows-amd64-cygwin\jdk8u181\11358\hotspot\src\share\vm\prims\jni.cpp, line 709]

Events (10 events):
Event: 88295.303 Executing VM operation: RevokeBias
Event: 88295.303 Executing VM operation: RevokeBias done
Event: 88295.303 Thread 0x000000002326b800 Thread exited: 0x000000002326b800
Event: 88295.353 Thread 0x00000000185a7000 flushing nmethod 0x000000000cd295d0
Event: 88298.365 Thread 0x0000000023269800 Thread exited: 0x0000000023269800
Event: 88298.441 Thread 0x000000002326a000 Thread exited: 0x000000002326a000
Event: 88301.396 Executing VM operation: ParallelGCSystemGC
Event: 88301.709 Executing VM operation: ParallelGCSystemGC done
Event: 88301.709 Thread 0x0000000023268800 Thread added: 0x0000000023268800
Event: 88301.710 Thread 0x0000000023268800 Thread exited: 0x0000000023268800


Dynamic libraries:
0x0000000000400000 - 0x000000000044f000 	C:\eclipse_mars\eclipse.exe
0x00007ffefcfd0000 - 0x00007ffefd1b1000 	C:\WINDOWS\SYSTEM32\ntdll.dll
0x00007ffefca90000 - 0x00007ffefcb42000 	C:\WINDOWS\System32\KERNEL32.DLL
0x00007ffef9e30000 - 0x00007ffefa0a3000 	C:\WINDOWS\System32\KERNELBASE.dll
0x00007ffefaf70000 - 0x00007ffefb100000 	C:\WINDOWS\System32\USER32.dll
0x00007ffef9440000 - 0x00007ffef9460000 	C:\WINDOWS\System32\win32u.dll
0x00007ffefca00000 - 0x00007ffefca28000 	C:\WINDOWS\System32\GDI32.dll
0x00007ffefa160000 - 0x00007ffefa2f2000 	C:\WINDOWS\System32\gdi32full.dll
0x00007ffef93a0000 - 0x00007ffef943f000 	C:\WINDOWS\System32\msvcp_win.dll
0x00007ffefa300000 - 0x00007ffefa3fa000 	C:\WINDOWS\System32\ucrtbase.dll
0x00007ffefadd0000 - 0x00007ffefae6e000 	C:\WINDOWS\System32\msvcrt.dll
0x00007ffeef190000 - 0x00007ffeef3f9000 	C:\WINDOWS\WinSxS\amd64_microsoft.windows.common-controls_6595b64144ccf1df_6.0.17134.472_none_fb3f9af53068156d\COMCTL32.dll
0x00007ffefc6d0000 - 0x00007ffefc9f2000 	C:\WINDOWS\System32\combase.dll
0x00007ffefa460000 - 0x00007ffefa584000 	C:\WINDOWS\System32\RPCRT4.dll
0x00007ffef94b0000 - 0x00007ffef952a000 	C:\WINDOWS\System32\bcryptPrimitives.dll
0x00007ffefa590000 - 0x00007ffefa5bd000 	C:\WINDOWS\System32\IMM32.DLL
0x0000000072000000 - 0x0000000072012000 	C:\eclipse_mars\plugins\org.eclipse.equinox.launcher.win32.win32.x86_64_1.1.300.v20150602-1417\eclipse_1611.dll
0x00007ffefa690000 - 0x00007ffefa731000 	C:\WINDOWS\System32\ADVAPI32.dll
0x00007ffefad70000 - 0x00007ffefadcb000 	C:\WINDOWS\System32\sechost.dll
0x00007ffef3770000 - 0x00007ffef377a000 	C:\WINDOWS\SYSTEM32\VERSION.dll
0x00007ffef7990000 - 0x00007ffef7a28000 	C:\WINDOWS\system32\uxtheme.dll
0x00007ffefa940000 - 0x00007ffefaab3000 	C:\WINDOWS\System32\MSCTF.dll
0x00007ffefb100000 - 0x00007ffefb1c2000 	C:\WINDOWS\System32\OLEAUT32.dll
0x00007ffef9300000 - 0x00007ffef9311000 	C:\WINDOWS\System32\kernel.appcore.dll
0x00007ffee4170000 - 0x00007ffee4206000 	C:\WINDOWS\System32\TextInputFramework.dll
0x00007ffef6730000 - 0x00007ffef680a000 	C:\WINDOWS\System32\CoreMessaging.dll
0x00007ffee43b0000 - 0x00007ffee46ce000 	C:\WINDOWS\System32\CoreUIComponents.dll
0x00007ffefc620000 - 0x00007ffefc6c9000 	C:\WINDOWS\System32\SHCORE.dll
0x00007ffef83d0000 - 0x00007ffef8401000 	C:\WINDOWS\SYSTEM32\ntmarta.dll
0x00007ffef68b0000 - 0x00007ffef69fd000 	C:\WINDOWS\SYSTEM32\wintypes.dll
0x00007ffef7a70000 - 0x00007ffef7a99000 	C:\WINDOWS\system32\dwmapi.dll
0x000000005c3a0000 - 0x000000005cc42000 	C:\Program Files\Java\jre1.8.0_181\bin\server\jvm.dll
0x00007ffefb1d0000 - 0x00007ffefb1d8000 	C:\WINDOWS\System32\PSAPI.DLL
0x00007ffef1880000 - 0x00007ffef1889000 	C:\WINDOWS\SYSTEM32\WSOCK32.dll
0x00007ffefaef0000 - 0x00007ffefaf5c000 	C:\WINDOWS\System32\WS2_32.dll
0x000000005c2c0000 - 0x000000005c392000 	C:\WINDOWS\SYSTEM32\MSVCR100.dll
0x00007ffeeb690000 - 0x00007ffeeb6b3000 	C:\WINDOWS\SYSTEM32\WINMM.dll
0x00007ffeeb660000 - 0x00007ffeeb68a000 	C:\WINDOWS\SYSTEM32\WINMMBASE.dll
0x00007ffef9460000 - 0x00007ffef94a9000 	C:\WINDOWS\System32\cfgmgr32.dll
0x000000005c2b0000 - 0x000000005c2bf000 	C:\Program Files\Java\jre1.8.0_181\bin\verify.dll
0x000000005c280000 - 0x000000005c2a9000 	C:\Program Files\Java\jre1.8.0_181\bin\java.dll
0x000000005c260000 - 0x000000005c276000 	C:\Program Files\Java\jre1.8.0_181\bin\zip.dll
0x00007ffefb1e0000 - 0x00007ffefc620000 	C:\WINDOWS\System32\SHELL32.dll
0x00007ffef9530000 - 0x00007ffef9c3d000 	C:\WINDOWS\System32\windows.storage.dll
0x00007ffefa8e0000 - 0x00007ffefa931000 	C:\WINDOWS\System32\shlwapi.dll
0x00007ffef9320000 - 0x00007ffef933f000 	C:\WINDOWS\System32\profapi.dll
0x00007ffef9340000 - 0x00007ffef938c000 	C:\WINDOWS\System32\powrprof.dll
0x00007ffef9390000 - 0x00007ffef939a000 	C:\WINDOWS\System32\FLTLIB.DLL
0x00007ffef8d20000 - 0x00007ffef8d37000 	C:\WINDOWS\SYSTEM32\CRYPTSP.dll
0x00007ffef8740000 - 0x00007ffef8773000 	C:\WINDOWS\system32\rsaenh.dll
0x00007ffef8e40000 - 0x00007ffef8e65000 	C:\WINDOWS\SYSTEM32\bcrypt.dll
0x00007ffef9210000 - 0x00007ffef9238000 	C:\WINDOWS\SYSTEM32\USERENV.dll
0x00007ffef8d10000 - 0x00007ffef8d1b000 	C:\WINDOWS\SYSTEM32\CRYPTBASE.dll
0x000000005c240000 - 0x000000005c25a000 	C:\Program Files\Java\jre1.8.0_181\bin\net.dll
0x00007ffef8b60000 - 0x00007ffef8bc6000 	C:\WINDOWS\system32\mswsock.dll
0x00007ffef88e0000 - 0x00007ffef8918000 	C:\WINDOWS\SYSTEM32\IPHLPAPI.DLL
0x00007ffefaf60000 - 0x00007ffefaf68000 	C:\WINDOWS\System32\NSI.dll
0x00007ffef3c30000 - 0x00007ffef3c46000 	C:\WINDOWS\SYSTEM32\dhcpcsvc6.DLL
0x00007ffef3990000 - 0x00007ffef39aa000 	C:\WINDOWS\SYSTEM32\dhcpcsvc.DLL
0x000000005c220000 - 0x000000005c231000 	C:\Program Files\Java\jre1.8.0_181\bin\nio.dll
0x00007ffefaac0000 - 0x00007ffefac11000 	C:\WINDOWS\System32\ole32.dll
0x00007ffef2000000 - 0x00007ffef206b000 	C:\WINDOWS\SYSTEM32\OLEACC.dll
0x00007ffeef020000 - 0x00007ffeef0a5000 	C:\WINDOWS\SYSTEM32\WINSPOOL.DRV
0x00007ffeeee80000 - 0x00007ffeef01a000 	C:\WINDOWS\WinSxS\amd64_microsoft.windows.gdiplus_6595b64144ccf1df_1.1.17134.472_none_2c2a8dda8afa8f3b\gdiplus.dll
0x00007ffef7180000 - 0x00007ffef7334000 	C:\WINDOWS\SYSTEM32\PROPSYS.dll
0x00007ffeef400000 - 0x00007ffeef407000 	C:\WINDOWS\SYSTEM32\MSIMG32.dll
0x00007ffefa5f0000 - 0x00007ffefa690000 	C:\WINDOWS\System32\clbcatq.dll
0x00007ffef9140000 - 0x00007ffef91da000 	C:\WINDOWS\SYSTEM32\sxs.dll
0x00007ffed71f0000 - 0x00007ffed73d6000 	C:\WINDOWS\system32\sogoutsf.ime
0x00007ffeccf30000 - 0x00007ffecd795000 	C:\WINDOWS\system32\SogouPy.ime
0x00007ffef53b0000 - 0x00007ffef548d000 	C:\WINDOWS\SYSTEM32\WINHTTP.dll
0x000000001bde0000 - 0x000000001befe000 	C:\Program Files (x86)\SogouInput\9.1.0.2657\Resource.dll
0x00007ffeca3d0000 - 0x00007ffeca638000 	C:\Program Files (x86)\SogouInput\Components\PicFace\1.1.0.1835\PicFace64.dll
0x00007ffefac80000 - 0x00007ffefad6d000 	C:\WINDOWS\System32\COMDLG32.dll
0x00007ffee3a70000 - 0x00007ffee3a88000 	C:\Program Files (x86)\SogouInput\Components\VoiceInput\1.0.0.145\VoiceInput64.dll
0x00007ffef0080000 - 0x00007ffef0096000 	C:\WINDOWS\system32\napinsp.dll
0x00007ffef0190000 - 0x00007ffef01aa000 	C:\WINDOWS\system32\pnrpnsp.dll
0x00007ffef4300000 - 0x00007ffef4319000 	C:\WINDOWS\system32\NLAapi.dll
0x00007ffef8920000 - 0x00007ffef89de000 	C:\WINDOWS\SYSTEM32\DNSAPI.dll
0x00007ffef35b0000 - 0x00007ffef35be000 	C:\WINDOWS\System32\winrnr.dll
0x00007ffef3750000 - 0x00007ffef3765000 	C:\WINDOWS\System32\wshbth.dll
0x00007ffef1d00000 - 0x00007ffef1d0a000 	C:\Windows\System32\rasadhlp.dll
0x00007ffef1450000 - 0x00007ffef14c2000 	C:\WINDOWS\System32\fwpuclnt.dll
0x000000001b9e0000 - 0x000000001ba88000 	C:\eclipse_mars\configuration\org.eclipse.osgi\751\0\.cp\swt-win32-4530.dll
0x00007ffef9c40000 - 0x00007ffef9e22000 	C:\WINDOWS\System32\CRYPT32.dll
0x00007ffef92e0000 - 0x00007ffef92f2000 	C:\WINDOWS\System32\MSASN1.dll
0x00007ffef6b40000 - 0x00007ffef6b59000 	C:\WINDOWS\SYSTEM32\USP10.dll
0x00007ffee8680000 - 0x00007ffee8b3e000 	C:\WINDOWS\SYSTEM32\WININET.dll
0x000000001bb80000 - 0x000000001bb9e000 	C:\eclipse_mars\configuration\org.eclipse.osgi\751\0\.cp\swt-gdip-win32-4530.dll
0x00007ffef7630000 - 0x00007ffef77de000 	C:\WINDOWS\SYSTEM32\WindowsCodecs.dll
0x00007ffed6120000 - 0x00007ffed65b5000 	C:\WINDOWS\system32\explorerframe.dll
0x00007ffed60c0000 - 0x00007ffed611c000 	C:\Windows\System32\thumbcache.dll
0x00007ffed65c0000 - 0x00007ffed6618000 	C:\WINDOWS\system32\dataexchange.dll
0x00007ffef61b0000 - 0x00007ffef634c000 	C:\WINDOWS\system32\dcomp.dll
0x00007ffef5490000 - 0x00007ffef579b000 	C:\WINDOWS\system32\d3d11.dll
0x00007ffef80a0000 - 0x00007ffef815b000 	C:\WINDOWS\system32\dxgi.dll
0x00007ffef7b00000 - 0x00007ffef7cb8000 	C:\WINDOWS\system32\twinapi.appcore.dll
0x00007ffef7aa0000 - 0x00007ffef7ac1000 	C:\WINDOWS\system32\RMCLIENT.dll
0x00007ffeeacd0000 - 0x00007ffeeb36b000 	C:\Windows\System32\OneCoreUAPCommonProxyStub.dll
0x00007ffee96e0000 - 0x00007ffee96ec000 	C:\WINDOWS\SYSTEM32\Secur32.dll
0x00007ffef91e0000 - 0x00007ffef9210000 	C:\WINDOWS\SYSTEM32\SSPICLI.DLL
0x00007ffef4240000 - 0x00007ffef4258000 	C:\WINDOWS\SYSTEM32\samcli.dll
0x00007ffef3fb0000 - 0x00007ffef3fd3000 	C:\WINDOWS\SYSTEM32\SAMLIB.dll
0x00007ffef89e0000 - 0x00007ffef89ee000 	C:\WINDOWS\SYSTEM32\netutils.dll
0x00007ffef7040000 - 0x00007ffef70cb000 	C:\WINDOWS\SYSTEM32\apphelp.dll
0x00007ffed52f0000 - 0x00007ffed57f6000 	D:\WPS Office\11.1.0.8214\office6\qingnse64.dll
0x00007ffef1820000 - 0x00007ffef183a000 	C:\WINDOWS\SYSTEM32\MPR.dll
0x00007ffeda200000 - 0x00007ffeda20b000 	C:\WINDOWS\System32\drprov.dll
0x00007ffef8470000 - 0x00007ffef84c6000 	C:\WINDOWS\System32\WINSTA.dll
0x00007ffecd900000 - 0x00007ffecd916000 	C:\WINDOWS\System32\ntlanman.dll
0x00007ffecd8e0000 - 0x00007ffecd8fd000 	C:\WINDOWS\System32\davclnt.dll
0x00007ffecce30000 - 0x00007ffecce3c000 	C:\WINDOWS\System32\DAVHLPR.dll
0x00007ffef4dc0000 - 0x00007ffef4dd7000 	C:\WINDOWS\System32\wkscli.dll
0x00007ffee7790000 - 0x00007ffee77a2000 	C:\WINDOWS\SYSTEM32\cscapi.dll
0x00007ffef7340000 - 0x00007ffef73bf000 	C:\WINDOWS\SYSTEM32\policymanager.dll
0x00007ffef70d0000 - 0x00007ffef7161000 	C:\WINDOWS\SYSTEM32\msvcp110_win.dll
0x00007ffed5270000 - 0x00007ffed5279000 	C:\WINDOWS\system32\IconCodecService.dll
0x00007ffecc300000 - 0x00007ffecc34a000 	C:\Windows\System32\dlnashext.dll
0x00007ffef01c0000 - 0x00007ffef01de000 	C:\Windows\System32\DevDispItemProvider.dll
0x00007ffef90f0000 - 0x00007ffef9117000 	C:\WINDOWS\System32\DEVOBJ.dll
0x00007ffefcb50000 - 0x00007ffefcf9b000 	C:\WINDOWS\System32\SETUPAPI.dll
0x00007ffefa400000 - 0x00007ffefa457000 	C:\WINDOWS\System32\WINTRUST.dll
0x00007ffed3340000 - 0x00007ffed3377000 	C:\Windows\System32\EhStorShell.dll
0x00007ffed3380000 - 0x00007ffed34e1000 	C:\Users\DELL\AppData\Local\Microsoft\OneDrive\18.222.1104.0007\amd64\FileSyncShell64.dll
0x00007ffed7840000 - 0x00007ffed784b000 	C:\WINDOWS\SYSTEM32\ktmw32.dll
0x00007ffed3270000 - 0x00007ffed3338000 	C:\WINDOWS\System32\cscui.dll
0x00007ffed8500000 - 0x00007ffed85da000 	C:\WINDOWS\SYSTEM32\ntshrui.dll
0x00007ffee8e90000 - 0x00007ffee8eb6000 	C:\WINDOWS\SYSTEM32\srvcli.dll

VM Arguments:
jvm_args: -Dosgi.requiredJavaVersion=1.7 -Xms256m -Xmx1024m 
java_command: <unknown>
java_class_path (initial): C:\eclipse_mars\\plugins/org.eclipse.equinox.launcher_1.3.100.v20150511-1540.jar
Launcher Type: generic

Environment Variables:
PATH=C:/Program Files/Java/jre1.8.0_181/bin/server;C:/Program Files/Java/jre1.8.0_181/bin;C:/Program Files/Java/jre1.8.0_181/lib/amd64;C:\ProgramData\Anaconda2;C:\ProgramData\Anaconda2\Library\mingw-w64\bin;C:\ProgramData\Anaconda2\Library\usr\bin;C:\ProgramData\Anaconda2\Library\bin;C:\ProgramData\Anaconda2\Scripts;C:\Program Files (x86)\Common Files\Oracle\Java\javapath;C:\ProgramData\Oracle\Java\javapath;C:\Windows\system32;C:\Windows;C:\Windows\System32\Wbem;C:\Windows\System32\WindowsPowerShell\v1.0\;C:\Program Files (x86)\NVIDIA Corporation\PhysX\Common;.;C:\Python27amd64;C:\WINDOWS\system32;C:\WINDOWS;C:\WINDOWS\System32\Wbem;C:\WINDOWS\System32\WindowsPowerShell\v1.0\;C:\WINDOWS\System32\OpenSSH\;C:\Program Files\OpenVPN\bin;C:\Program Files\MATLAB\R2017b\runtime\win64;C:\Program Files\MATLAB\R2017b\bin;C:\Users\DELL\AppData\Local\Microsoft\WindowsApps;C:\Users\DELL\AppData\Local\GitHubDesktop\bin;C:\Users\DELL\AppData\Local\Microsoft\WindowsApps;C:\texlive\2016\bin\win32;C:\eclipse_mars;
USERNAME=DELL
OS=Windows_NT
PROCESSOR_IDENTIFIER=Intel64 Family 6 Model 158 Stepping 9, GenuineIntel



---------------  S Y S T E M  ---------------

OS: Windows 10.0 , 64 bit Build 17134 (10.0.17134.1)

CPU:total 8 (initial active 8) (4 cores per cpu, 2 threads per core) family 6 model 158 stepping 9, cmov, cx8, fxsr, mmx, sse, sse2, sse3, ssse3, sse4.1, sse4.2, popcnt, avx, avx2, aes, clmul, erms, rtm, 3dnowpref, lzcnt, ht, tsc, tscinvbit, bmi1, bmi2, adx

Memory: 4k page, physical 16676540k(8562040k free), swap 19691196k(9522756k free)

vm_info: Java HotSpot(TM) 64-Bit Server VM (25.181-b13) for windows-amd64 JRE (1.8.0_181-b13), built on Jul  7 2018 04:01:33 by "java_re" with MS VC++ 10.0 (VS2010)

time: Thu Jan 10 11:13:34 2019
elapsed time: 88301 seconds (1d 0h 31m 41s)

